<?xml version="1.0" encoding="UTF-8"?>
<!-- Generated by org.testng.reporters.JUnitReportReporter -->
<testsuite hostname="DESKTOP-TJ6BIOM" failures="0" tests="1" name="com.kapiton.store.StartPageTest" time="28.261" errors="0" timestamp="2024-11-18T18:21:56 PST" skipped="0">
  <testcase classname="com.kapiton.store.StartPageTest" name="testNavigateToPages" time="28.261"/>
  <system-out/>
</testsuite> <!-- com.kapiton.store.StartPageTest -->
