<?xml version="1.0" encoding="UTF-8"?>
<!-- Generated by org.testng.reporters.JUnitReportReporter -->
<testsuite hostname="BlueHat" failures="0" tests="2" name="com.kapiton.store.StartPageTest" time="31.831" errors="0" timestamp="2024-11-20T20:07:33 PST" skipped="0">
  <testcase classname="com.kapiton.store.StartPageTest" name="testLogin" time="11.654"/>
  <system-out/>
  <testcase classname="com.kapiton.store.StartPageTest" name="testNavigateToPages" time="20.177"/>
  <system-out/>
</testsuite> <!-- com.kapiton.store.StartPageTest -->
