<?xml version="1.0" encoding="UTF-8"?>
<!-- Generated by org.testng.reporters.JUnitReportReporter -->
<testsuite hostname="BlueHat" failures="0" tests="2" name="com.kapiton.store.StartPageTest" time="742.677" errors="0" timestamp="2024-11-14T09:29:59 PST" skipped="0">
  <testcase classname="com.kapiton.store.StartPageTest" name="testNavigateToPages" time="630.956"/>
  <system-out/>
  <testcase classname="com.kapiton.store.StartPageTest" name="testLogin" time="111.721"/>
  <system-out/>
</testsuite> <!-- com.kapiton.store.StartPageTest -->
